<?xml version="1.0" encoding="UTF-8"?>
<testng-results skipped="0" failed="0" ignored="0" total="2" passed="2">
  <reporter-output>
  </reporter-output>
  <suite name="Default suite" duration-ms="12902" started-at="2022-04-27T09:49:10 IST" finished-at="2022-04-27T09:49:23 IST">
    <groups>
      <group name="cucumber">
        <method signature="AbstractTestNGCucumberTests.runScenario(io.cucumber.testng.PickleWrapper, io.cucumber.testng.FeatureWrapper)[pri:0, instance:com.example.TestRunner@bd8db5a]" name="runScenario" class="io.cucumber.testng.AbstractTestNGCucumberTests"/>
      </group> <!-- cucumber -->
    </groups>
    <test name="Default test" duration-ms="12902" started-at="2022-04-27T09:49:10 IST" finished-at="2022-04-27T09:49:23 IST">
      <class name="com.example.TestRunner">
        <test-method status="PASS" signature="setUpClass()[pri:0, instance:com.example.TestRunner@bd8db5a]" name="setUpClass" is-config="true" duration-ms="521" started-at="2022-04-27T09:49:10 IST" finished-at="2022-04-27T09:49:10 IST">
          <reporter-output>
          </reporter-output>
        </test-method> <!-- setUpClass -->
        <test-method status="PASS" signature="runScenario(io.cucumber.testng.PickleWrapper, io.cucumber.testng.FeatureWrapper)[pri:0, instance:com.example.TestRunner@bd8db5a]" name="runScenario" duration-ms="6113" started-at="2022-04-27T09:49:10 IST" description="Runs Cucumber Scenarios" data-provider="scenarios" finished-at="2022-04-27T09:49:16 IST">
          <params>
            <param index="0">
              <value>
                <![CDATA["Login to application"]]>
              </value>
            </param>
            <param index="1">
              <value>
                <![CDATA["Optional[Login User]"]]>
              </value>
            </param>
          </params>
          <reporter-output>
          </reporter-output>
        </test-method> <!-- runScenario -->
        <test-method status="PASS" signature="runScenario(io.cucumber.testng.PickleWrapper, io.cucumber.testng.FeatureWrapper)[pri:0, instance:com.example.TestRunner@bd8db5a]" name="runScenario" duration-ms="4858" started-at="2022-04-27T09:49:16 IST" description="Runs Cucumber Scenarios" data-provider="scenarios" finished-at="2022-04-27T09:49:21 IST">
          <params>
            <param index="0">
              <value>
                <![CDATA["User is able to register"]]>
              </value>
            </param>
            <param index="1">
              <value>
                <![CDATA["Optional[Register User]"]]>
              </value>
            </param>
          </params>
          <reporter-output>
          </reporter-output>
        </test-method> <!-- runScenario -->
        <test-method status="PASS" signature="tearDownClass()[pri:0, instance:com.example.TestRunner@bd8db5a]" name="tearDownClass" is-config="true" duration-ms="1364" started-at="2022-04-27T09:49:21 IST" finished-at="2022-04-27T09:49:23 IST">
          <reporter-output>
          </reporter-output>
        </test-method> <!-- tearDownClass -->
      </class> <!-- com.example.TestRunner -->
    </test> <!-- Default test -->
  </suite> <!-- Default suite -->
</testng-results>
